Synthesizing design: usb_encryptor.sv
dc_shell-t -x "source -echo do_mapping.tcl"
                                        
                           Design Compiler Graphical 
                                 DC Ultra (TM)
                                  DFTMAX (TM)
                              Power Compiler (TM)
                                 DesignWare (R)
                                 DC Expert (TM)
                               Design Vision (TM)
                               HDL Compiler (TM)
                               VHDL Compiler (TM)
                                  DFT Compiler
                               Design Compiler(R)
                                        
               Version K-2015.06-SP1 for linux64 - Jul 21, 2015 
                                        
                    Copyright (c) 1988 - 2015 Synopsys, Inc.
   This software and the associated documentation are proprietary to Synopsys,
 Inc. This software may only be used in accordance with the terms and conditions
 of a written license agreement with Synopsys, Inc. All other use, reproduction,
            or distribution of this software is strictly prohibited.
Initializing...
Initializing gui preferences from file  /home/ecegrid/a/mg45/.synopsys_dv_prefs.tcl
# Step 1:  Read in the source file
analyze -format sverilog -lib WORK {encode.sv t_shift_register.sv t_timer.sv tcu.sv permutation.sv des_round_computations.sv key_generator.sv key_counter.sv round_counter.sv des_controller.sv sync_high.sv sync_low.sv eop_detect.sv decode.sv edge_detect.sv timer.sv shift_register.sv rcu.sv usb_receiver.sv encryptor_core.sv usb_transmitter.sv flex_counter.sv flex_pts_sr.sv crc5_gen.sv crc16_gen.sv crc5_valid.sv crc16_valid.sv usb_encryptor.sv}
Running PRESTO HDLC
Compiling source file ./source/encode.sv
Compiling source file ./source/t_shift_register.sv
Compiling source file ./source/t_timer.sv
Compiling source file ./source/tcu.sv
Compiling source file ./source/permutation.sv
Compiling source file ./source/des_round_computations.sv
Compiling source file ./source/key_generator.sv

Received Signal 1 from: PID=40896 (UID=2207)
